<?xml version="1.0" encoding="UTF-8"?>
<!-- Generated by org.testng.reporters.JUnitReportReporter -->
<testsuite hostname="DESKTOP-K1ODCR1" failures="0" tests="1" name="tests.LoginTest" time="8.336" errors="0" timestamp="2025-06-26T07:38:11 IST" skipped="0">
  <testcase classname="tests.LoginTest" name="testLoginSuccess" time="8.336"/>
</testsuite> <!-- tests.LoginTest -->
